kcb/proguard-project.txt
# To enable ProGuard in your project, edit project.properties
# to define the proguard.config property as described in that file.
#
# Add project specific ProGuard rules here.
# By default, the flags in this file are appended to flags specified
# in ${sdk.dir}/tools/proguard/proguard-android.txt
# You can edit the include path and order by changing the ProGuard
# include property in project.properties.
#
# For more details, see
#   http://developer.android.com/guide/developing/tools/proguard.html
#
# Add any project specific keep options here:
#
# If your project uses WebView with JS, uncomment the following
# and specify the fully qualified class name to the JavaScript interface
# class:
#-keepclassmembers class fqcn.of.javascript.interface.for.webview {
#   public *;
#}

-optimizationpasses 5
-dontusemixedcaseclassnames
-dontskipnonpubliclibraryclasses
-dontskipnonpubliclibraryclassmembers
-dontpreverify
-verbose
-optimizations !code/simplification/arithmetic,!field/*,!class/merging/*

-keepattributes Exceptions,InnerClasses,SourceFile,LineNumberTable,Signature

-keep class **.R$* {   *;  }
-keep class android.** {*; }
-keep public class * extends android.app.Fragment  
-keep public class * extends android.app.Activity
-keep public class * extends android.app.Application
-keep public class * extends android.app.Service
-keep public class * extends android.content.BroadcastReceiver
-keep public class * extends android.content.ContentProvider
-keep public class * extends android.app.backup.BackupAgentHelper
-keep public class * extends android.preference.Preference
-keep public class * extends android.support.v4.**
-keep public class * extends android.support.v7.**
-keep class * extends android.widget.** { *; }
-keep class * extends android.view.** { *; }

-keepclasseswithmembernames class * {                   # 保持 native 方法不被混淆
      native <methods>;
}
-keepclasseswithmembers class * {                       # 保持自定义控件类不被混淆
    public <init>(android.content.Context, android.util.AttributeSet);
}
-keepclasseswithmembers class * {                       # 保持自定义控件类不被混淆
    public <init>(android.content.Context, android.util.AttributeSet, int);     
}
-keepclassmembers class * extends android.app.Activity {# 保持自定义控件类不被混淆
   public void *(android.view.View);
}
-keepclassmembers enum * {                              # 保持枚举 enum 类不被混淆
    public static **[] values();
    public static ** valueOf(java.lang.String);
}
-keep class * implements android.os.Parcelable {        # 保持 Parcelable 不被混淆
    public static final android.os.Parcelable$Creator *;
}

-keep class com.android.volley.**{*;}
-keep class com.edmodo.cropper.**{*;}
-keep class android.net.**{*;}

#umeng sns
-dontwarn com.networkbench.**
-dontwarn com.google.common.**
-dontwarn com.renren.**
-dontwarn com.motorola.**
-dontwarn android.support.v4.**
-dontwarn com.facebook.android.**
-dontwarn com.weibo.**
-dontwarn android.net.**
-dontwarn android.webkit.**
-dontwarn com.tencent.weibo.utils.**
-dontwarn com.google.android.maps.**
-dontwarn android.webkit.WebView
-dontwarn com.umeng.**
-dontwarn com.tencent.weibo.sdk.**
-dontwarn com.facebook.**
-keep enum com.facebook.**
-keepattributes Exceptions,InnerClasses,Signature
-keepattributes *Annotation*
-keepattributes SourceFile,LineNumberTable
-keep public interface com.facebook.**
-keep public interface com.tencent.**
-keep public interface com.umeng.socialize.**
-keep public interface com.umeng.socialize.sensor.**
-keep public interface com.umeng.scrshot.**
-keep public class com.umeng.socialize.* {*;}
-keep public class javax.**
-keep public class android.webkit.**
-keep class com.facebook.**
-keep class com.umeng.scrshot.**
-keep public class com.tencent.** {*;}
-keep class com.umeng.socialize.sensor.**
-keep class com.tencent.mm.sdk.modelmsg.WXMediaMessage {*;}
-keep class com.tencent.mm.sdk.modelmsg.** implements com.tencent.mm.sdk.modelmsg.WXMediaMessage$IMediaObject {*;}
-keep class im.yixin.sdk.api.YXMessage {*;}
-keep class im.yixin.sdk.api.** implements im.yixin.sdk.api.YXMessage$YXMessageData{*;}

#huanxin
-keep class com.easemob.** {*;}
-keep class org.jivesoftware.** {*;}
-keep class org.apache.** {*;}
-dontwarn  com.easemob.**
-dontwarn ch.imvs.**
-dontwarn org.slf4j.**
-keep class org.ice4j.** {*;}
-keep class net.java.sip.** {*;}
-keep class org.webrtc.voiceengine.** {*;}
-keep class org.bitlet.** {*;}
-keep class org.slf4j.** {*;}
-keep class ch.imvs.** {*;}