kcb/proguard/seeds.txt
com.kcbTeam.R$anim
com.kcbTeam.R$anim: int material_dialog_main_hide
com.kcbTeam.R$anim: int material_dialog_main_show
com.kcbTeam.R$anim: int material_dialog_root_hide
com.kcbTeam.R$anim: int material_dialog_root_show
com.kcbTeam.R$anim: int move_left_in_activity
com.kcbTeam.R$anim: int move_left_out_activity
com.kcbTeam.R$anim: int move_right_in_activity
com.kcbTeam.R$anim: int move_right_out_activity
com.kcbTeam.R$anim: R$anim()
com.kcbTeam.R$array
com.kcbTeam.R$array: int gplus_colors
com.kcbTeam.R$array: R$array()
com.kcbTeam.R$attr
com.kcbTeam.R$attr: int animate
com.kcbTeam.R$attr: int aspectRatioX
com.kcbTeam.R$attr: int aspectRatioY
com.kcbTeam.R$attr: int cardBackgroundColor
com.kcbTeam.R$attr: int cardCornerRadius
com.kcbTeam.R$attr: int cardElevation
com.kcbTeam.R$attr: int cardMaxElevation
com.kcbTeam.R$attr: int cardPreventCornerOverlap
com.kcbTeam.R$attr: int cardUseCompatPadding
com.kcbTeam.R$attr: int check
com.kcbTeam.R$attr: int checkBoxSize
com.kcbTeam.R$attr: int clickAfterRipple
com.kcbTeam.R$attr: int contentPadding
com.kcbTeam.R$attr: int contentPaddingBottom
com.kcbTeam.R$attr: int contentPaddingLeft
com.kcbTeam.R$attr: int contentPaddingRight
com.kcbTeam.R$attr: int contentPaddingTop
com.kcbTeam.R$attr: int fixAspectRatio
com.kcbTeam.R$attr: int floating_edit_text_color
com.kcbTeam.R$attr: int floating_edit_text_error_color
com.kcbTeam.R$attr: int floating_edit_text_highlighted_color
com.kcbTeam.R$attr: int floating_edit_text_hint_scale
com.kcbTeam.R$attr: int floating_edit_text_underline_height
com.kcbTeam.R$attr: int floating_edit_text_underline_highlighted_height
com.kcbTeam.R$attr: int guidelines
com.kcbTeam.R$attr: int iconDrawable
com.kcbTeam.R$attr: int iconSize
com.kcbTeam.R$attr: int imageResource
com.kcbTeam.R$attr: int max
com.kcbTeam.R$attr: int min
com.kcbTeam.R$attr: int paper_color
com.kcbTeam.R$attr: int paper_corner_radius
com.kcbTeam.R$attr: int paper_font
com.kcbTeam.R$attr: int paper_shadow_color
com.kcbTeam.R$attr: int paper_shadow_offset_x
com.kcbTeam.R$bool
com.kcbTeam.R$bool: int spb_default_mirror_mode
com.kcbTeam.R$bool: int spb_default_progressiveStart_activated
com.kcbTeam.R$bool: int spb_default_reversed
com.kcbTeam.R$bool: R$bool()
com.kcbTeam.R$color
com.kcbTeam.R$color: int activity_background
com.kcbTeam.R$color: int black
com.kcbTeam.R$color: int black_100
com.kcbTeam.R$color: int black_200
com.kcbTeam.R$color: int black_300
com.kcbTeam.R$color: int black_400
com.kcbTeam.R$color: int black_50
com.kcbTeam.R$color: int black_500
com.kcbTeam.R$color: int black_700
com.kcbTeam.R$color: int black_divider
com.kcbTeam.R$color: int black_translucent
com.kcbTeam.R$color: int blue
com.kcbTeam.R$color: int cardview_dark_background
com.kcbTeam.R$color: int cardview_light_background
com.kcbTeam.R$color: int cardview_shadow_end_color
com.kcbTeam.R$color: int cardview_shadow_start_color
com.kcbTeam.R$color: int floating_edit_text_color
com.kcbTeam.R$color: int floating_edit_text_error_color
com.kcbTeam.R$color: int floating_edit_text_highlighted_color
com.kcbTeam.R$color: int gplus_color_1
com.kcbTeam.R$color: int gplus_color_2
com.kcbTeam.R$color: int gplus_color_3
com.kcbTeam.R$color: int gplus_color_4
com.kcbTeam.R$color: int material_dialog_thumbColor
com.kcbTeam.R$color: int paper_button_color
com.kcbTeam.R$color: int paper_button_shadow_color
com.kcbTeam.R$color: int paper_text_color
com.kcbTeam.R$color: int radio_checked_color
com.kcbTeam.R$color: int radio_color
com.kcbTeam.R$color: int spb_default_color
com.kcbTeam.R$color: int stu_primary
com.kcbTeam.R$color: int stu_primary_50
com.kcbTeam.R$color: int stu_primary_dark
com.kcbTeam.R$color: int tb_munion_item_force
com.kcbTeam.R$color: int tch_primary
...
android.support.v7.widget.Toolbar
android.support.v7.widget.Toolbar: java.lang.String TAG
android.support.v7.widget.Toolbar: android.support.v7.widget.ActionMenuView mMenuView
android.support.v7.widget.Toolbar: android.widget.TextView mTitleTextView
android.support.v7.widget.Toolbar: android.widget.TextView mSubtitleTextView
android.support.v7.widget.Toolbar: android.widget.ImageButton mNavButtonView
android.support.v7.widget.Toolbar: android.widget.ImageView mLogoView
android.support.v7.widget.Toolbar: android.graphics.drawable.Drawable mCollapseIcon
android.support.v7.widget.Toolbar: java.lang.CharSequence mCollapseDescription
android.support.v7.widget.Toolbar: android.widget.ImageButton mCollapseButtonView
android.support.v7.widget.Toolbar: android.view.View mExpandedActionView
android.support.v7.widget.Toolbar: android.content.Context mPopupContext
android.support.v7.widget.Toolbar: int mPopupTheme
android.support.v7.widget.Toolbar: int mTitleTextAppearance
android.support.v7.widget.Toolbar: int mSubtitleTextAppearance
android.support.v7.widget.Toolbar: int mButtonGravity
android.support.v7.widget.Toolbar: int mMaxButtonHeight
android.support.v7.widget.Toolbar: int mTitleMarginStart
android.support.v7.widget.Toolbar: int mTitleMarginEnd
android.support.v7.widget.Toolbar: int mTitleMarginTop
android.support.v7.widget.Toolbar: int mTitleMarginBottom
android.support.v7.widget.Toolbar: android.support.v7.internal.widget.RtlSpacingHelper mContentInsets
android.support.v7.widget.Toolbar$1
android.support.v7.widget.Toolbar$1: android.support.v7.widget.Toolbar this$0
android.support.v7.widget.Toolbar$1: Toolbar$1(android.support.v7.widget.Toolbar)
android.support.v7.widget.Toolbar$1: boolean onMenuItemClick(android.view.MenuItem)
android.support.v7.widget.Toolbar$2
android.support.v7.widget.Toolbar$2: android.support.v7.widget.Toolbar this$0
android.support.v7.widget.Toolbar$2: Toolbar$2(android.support.v7.widget.Toolbar)
android.support.v7.widget.Toolbar$2: void run()
android.support.v7.widget.Toolbar$3
android.support.v7.widget.Toolbar$3: android.support.v7.widget.Toolbar this$0
android.support.v7.widget.Toolbar$3: Toolbar$3(android.support.v7.widget.Toolbar)
android.support.v7.widget.Toolbar$3: void onClick(android.view.View)
android.support.v7.widget.Toolbar$ExpandedActionViewMenuPresenter
android.support.v7.widget.Toolbar$ExpandedActionViewMenuPresenter: android.support.v7.internal.view.menu.MenuBuilder mMenu
android.support.v7.widget.Toolbar$ExpandedActionViewMenuPresenter: android.support.v7.internal.view.menu.MenuItemImpl mCurrentExpandedItem
android.support.v7.widget.Toolbar$ExpandedActionViewMenuPresenter: android.support.v7.widget.Toolbar this$0
android.support.v7.widget.Toolbar$ExpandedActionViewMenuPresenter: Toolbar$ExpandedActionViewMenuPresenter(android.support.v7.widget.Toolbar)
android.support.v7.widget.Toolbar$ExpandedActionViewMenuPresenter: void initForMenu(android.content.Context,android.support.v7.internal.view.menu.MenuBuilder)
android.support.v7.widget.Toolbar$ExpandedActionViewMenuPresenter: android.support.v7.internal.view.menu.MenuView getMenuView(android.view.ViewGroup)
android.support.v7.widget.Toolbar$ExpandedActionViewMenuPresenter: void updateMenuView(boolean)
android.support.v7.widget.Toolbar$ExpandedActionViewMenuPresenter: void setCallback(android.support.v7.internal.view.menu.MenuPresenter$Callback)
android.support.v7.widget.Toolbar$ExpandedActionViewMenuPresenter: boolean onSubMenuSelected(android.support.v7.internal.view.menu.SubMenuBuilder)
android.support.v7.widget.Toolbar$ExpandedActionViewMenuPresenter: void onCloseMenu(android.support.v7.internal.view.menu.MenuBuilder,boolean)