kcb/proguard/mapping.txt
com.kcbTeam.R -> com.kcbTeam.R:
com.kcbTeam.R$anim -> com.kcbTeam.R$anim:
    int material_dialog_main_hide -> material_dialog_main_hide
    int material_dialog_main_show -> material_dialog_main_show
    int material_dialog_root_hide -> material_dialog_root_hide
    int material_dialog_root_show -> material_dialog_root_show
    int move_left_in_activity -> move_left_in_activity
    int move_left_out_activity -> move_left_out_activity
    int move_right_in_activity -> move_right_in_activity
    int move_right_out_activity -> move_right_out_activity
com.kcbTeam.R$array -> com.kcbTeam.R$array:
    int gplus_colors -> gplus_colors
com.kcbTeam.R$attr -> com.kcbTeam.R$attr:
    int animate -> animate
    int aspectRatioX -> aspectRatioX
    int aspectRatioY -> aspectRatioY
    int cardBackgroundColor -> cardBackgroundColor
    int cardCornerRadius -> cardCornerRadius
    int cardElevation -> cardElevation
    int cardMaxElevation -> cardMaxElevation
    int cardPreventCornerOverlap -> cardPreventCornerOverlap
    int cardUseCompatPadding -> cardUseCompatPadding
    int check -> check
    int checkBoxSize -> checkBoxSize
    int clickAfterRipple -> clickAfterRipple
    int contentPadding -> contentPadding
    int contentPaddingBottom -> contentPaddingBottom
    int contentPaddingLeft -> contentPaddingLeft
    int contentPaddingRight -> contentPaddingRight
    int contentPaddingTop -> contentPaddingTop
    int fixAspectRatio -> fixAspectRatio
    int floating_edit_text_color -> floating_edit_text_color
    int floating_edit_text_error_color -> floating_edit_text_error_color
    int floating_edit_text_highlighted_color -> floating_edit_text_highlighted_color
    int floating_edit_text_hint_scale -> floating_edit_text_hint_scale
    int floating_edit_text_underline_height -> floating_edit_text_underline_height
    int floating_edit_text_underline_highlighted_height -> floating_edit_text_underline_highlighted_height
    int guidelines -> guidelines
    int iconDrawable -> iconDrawable
    int iconSize -> iconSize
    int imageResource -> imageResource
    int max -> max
    int min -> min
com.kcbTeam.R$bool -> com.kcbTeam.R$bool:
    int spb_default_mirror_mode -> spb_default_mirror_mode
    int spb_default_progressiveStart_activated -> spb_default_progressiveStart_activated
    int spb_default_reversed -> spb_default_reversed
com.kcbTeam.R$color -> com.kcbTeam.R$color:
    int activity_background -> activity_background
    int black -> black
    int black_100 -> black_100
    int black_200 -> black_200
    int black_300 -> black_300
    int black_400 -> black_400
    int black_50 -> black_50
    int black_500 -> black_500
    int black_700 -> black_700
    int black_divider -> black_divider
    int black_translucent -> black_translucent
    int blue -> blue
    int cardview_dark_background -> cardview_dark_background
    int cardview_light_background -> cardview_light_background
    int cardview_shadow_end_color -> cardview_shadow_end_color
    int cardview_shadow_start_color -> cardview_shadow_start_color
    int floating_edit_text_color -> floating_edit_text_color
    int floating_edit_text_error_color -> floating_edit_text_error_color
    int floating_edit_text_highlighted_color -> floating_edit_text_highlighted_color
    int gplus_color_1 -> gplus_color_1
    int gplus_color_2 -> gplus_color_2
    int gplus_color_3 -> gplus_color_3
    int gplus_color_4 -> gplus_color_4
    int material_dialog_thumbColor -> material_dialog_thumbColor
    int paper_button_color -> paper_button_color
    int paper_button_shadow_color -> paper_button_shadow_color
    int paper_text_color -> paper_text_color
    int radio_checked_color -> radio_checked_color
    int radio_color -> radio_color
    int spb_default_color -> spb_default_color
    int stu_primary -> stu_primary
    int stu_primary_50 -> stu_primary_50
...
com.hp.hpl.sparta.xpath.PositionEqualsExpr -> com.a.a.a.a.r:
    int position_ -> a
    void accept(com.hp.hpl.sparta.xpath.BooleanExprVisitor) -> a
    int getPosition() -> a
    java.lang.String toString() -> toString
com.hp.hpl.sparta.xpath.SimpleStreamTokenizer -> com.a.a.a.a.s:
    int ttype -> a
    int nval -> b
    java.lang.String sval -> c
    java.lang.StringBuffer buf_ -> d
    int nextType_ -> e
    java.io.Reader reader_ -> f
    int[] charType_ -> g
    boolean pushedBack_ -> h
    char inQuote_ -> i
    java.lang.String toString() -> toString
    void ordinaryChar(char) -> a
    void wordChars(char,char) -> a
    int nextToken() -> a
    void pushBack() -> b
com.hp.hpl.sparta.xpath.Step -> com.a.a.a.a.t:
    com.hp.hpl.sparta.xpath.Step DOT -> a
    com.hp.hpl.sparta.xpath.NodeTest nodeTest_ -> b
    com.hp.hpl.sparta.xpath.BooleanExpr predicate_ -> c
    boolean multiLevel_ -> d
    java.lang.String toString() -> toString
    boolean isMultiLevel() -> a
    boolean isStringValue() -> b
    com.hp.hpl.sparta.xpath.NodeTest getNodeTest() -> c
    com.hp.hpl.sparta.xpath.BooleanExpr getPredicate() -> d
com.hp.hpl.sparta.xpath.TextCompareExpr -> com.a.a.a.a.u:
    java.lang.String value_ -> a
    java.lang.String getValue() -> a
    java.lang.String toString(java.lang.String) -> a
com.hp.hpl.sparta.xpath.TextEqualsExpr -> com.a.a.a.a.v:
    void accept(com.hp.hpl.sparta.xpath.BooleanExprVisitor) -> a
    java.lang.String toString() -> toString
com.hp.hpl.sparta.xpath.TextExistsExpr -> com.a.a.a.a.w:
    com.hp.hpl.sparta.xpath.TextExistsExpr INSTANCE -> a
    void accept(com.hp.hpl.sparta.xpath.BooleanExprVisitor) -> a
    java.lang.String toString() -> toString
com.hp.hpl.sparta.xpath.TextNotEqualsExpr -> com.a.a.a.a.x:
    void accept(com.hp.hpl.sparta.xpath.BooleanExprVisitor) -> a
    java.lang.String toString() -> toString
com.hp.hpl.sparta.xpath.TextTest -> com.a.a.a.a.y:
    com.hp.hpl.sparta.xpath.TextTest INSTANCE -> a
    void accept(com.hp.hpl.sparta.xpath.Visitor) -> a
    boolean isStringValue() -> a
    java.lang.String toString() -> toString
com.hp.hpl.sparta.xpath.ThisNodeTest -> com.a.a.a.a.z:
    com.hp.hpl.sparta.xpath.ThisNodeTest INSTANCE -> a
    void accept(com.hp.hpl.sparta.xpath.Visitor) -> a
    boolean isStringValue() -> a
    java.lang.String toString() -> toString
com.hp.hpl.sparta.xpath.TrueExpr -> com.a.a.a.a.aa:
    com.hp.hpl.sparta.xpath.TrueExpr INSTANCE -> a
    void accept(com.hp.hpl.sparta.xpath.BooleanExprVisitor) -> a
    java.lang.String toString() -> toString
com.hp.hpl.sparta.xpath.Visitor -> com.a.a.a.a.ab:
com.hp.hpl.sparta.xpath.XPath -> com.a.a.a.a.ac:
    java.util.Stack steps_ -> a
    boolean absolute_ -> b
    java.lang.String string_ -> c
    java.util.Hashtable cache_ -> d
    java.lang.String toString() -> toString
    java.lang.String generateString() -> d
    boolean isAbsolute() -> a
    boolean isStringValue() -> b
    java.util.Enumeration getSteps() -> c
    java.lang.Object clone() -> clone
    com.hp.hpl.sparta.xpath.XPath get(java.lang.String) -> a
com.hp.hpl.sparta.xpath.XPathException -> com.a.a.a.a.ad:
    java.lang.Throwable cause_ -> a
    java.lang.Throwable getCause() -> getCause
    java.lang.String toString(com.hp.hpl.sparta.xpath.SimpleStreamTokenizer) -> a
    java.lang.String tokenToString(com.hp.hpl.sparta.xpath.SimpleStreamTokenizer) -> b
com.kcb.common.activity.AboutusActivity -> com.kcb.common.activity.AboutusActivity:
    android.view.View titleLayout -> a
    com.kcb.library.view.buttonflat.ButtonFlat backButton -> b
    android.widget.TextView versionTextView -> c
    33:37:void onCreate(android.os.Bundle) -> onCreate
    41:67:void initView() -> a
    74:82:void onClick(android.view.View) -> onClick
    89:92:void startStu(android.content.Context) -> a
    95:98:void startTch(android.content.Context) -> b