kcb/proguard/usage.txt
com.kcbTeam.BuildConfig
com.kcbTeam.R:
    10:10:public R()
com.kcbTeam.kcblibrary.R:
    9:9:public R()
...
com.github.mikephil.charting.data.BarEntry
com.github.mikephil.charting.data.BarLineScatterCandleData
com.github.mikephil.charting.data.BarLineScatterCandleDataSet:
    19:20:public BarLineScatterCandleDataSet(java.util.List,java.lang.String)
    30:31:public void setHighLightColor(int)
com.github.mikephil.charting.data.CandleData
com.github.mikephil.charting.data.CandleDataSet
com.github.mikephil.charting.data.CandleEntry
com.github.mikephil.charting.data.ChartData:
    66:70:public ChartData(java.util.List)
    78:82:public ChartData(java.lang.String[])
    107:112:public ChartData(java.lang.String[],java.util.List)
    121:121:private java.util.List arrayToList(java.lang.String[])
    184:185:public void notifyDataChanged()
    392:393:public void addXValue(java.lang.String)
    401:402:public void removeXValue(int)
    427:437:protected int getDataSetIndexByLabel(java.util.List,java.lang.String,boolean)
    457:463:protected java.lang.String[] getDataSetLabels()
    488:493:public com.github.mikephil.charting.data.DataSet getDataSetByLabel(java.lang.String,boolean)
    517:560:public void addDataSet(com.github.mikephil.charting.data.DataSet)
    589:603:public boolean removeDataSet(com.github.mikephil.charting.data.DataSet)
    615:619:public boolean removeDataSet(int)
    631:668:public void addEntry(com.github.mikephil.charting.data.Entry,int)
    679:695:public boolean removeEntry(com.github.mikephil.charting.data.Entry,int)
    709:715:public boolean removeEntry(int,int)
    727:740:public com.github.mikephil.charting.data.DataSet getDataSetForEntry(com.github.mikephil.charting.data.Entry)
    751:773:public int[] getColors()
    819:825:public static java.util.List generateXVals(int,int)
    862:865:public void setValueTypeface(android.graphics.Typeface)
    886:889:public void setDrawValues(boolean)
    895:897:public void clearValues()
com.github.mikephil.charting.data.CombinedData
com.github.mikephil.charting.data.DataSet:
    95:97:public void notifyDataSetChanged()
    214:248:public java.util.List getEntriesForXIndex(int)
    293:293:public int getValueCount()
    307:312:public int getIndexInEntries(int)
    public abstract com.github.mikephil.charting.data.DataSet copy()
    349:349:public void setLabel(java.lang.String)
    367:368:public void setVisible(boolean)
    396:397:public void setAxisDependency(com.github.mikephil.charting.components.YAxis$AxisDependency)
    407:408:public void setDrawValues(boolean)
    428:451:public void addEntry(com.github.mikephil.charting.data.Entry)
    463:477:public boolean removeEntry(com.github.mikephil.charting.data.Entry)
    488:489:public boolean removeEntry(int)
    517:518:public void setColors(int[])
    532:539:public void setColors(int[],android.content.Context)
    547:550:public void addColor(int)
    559:561:public void setColor(int)
    590:590:public int getColor()
    597:598:public void resetColors()
    679:680:public void setValueTypeface(android.graphics.Typeface)
    714:719:public boolean contains(com.github.mikephil.charting.data.Entry)
com.github.mikephil.charting.data.Entry:
    44:47:public Entry(float,int,java.lang.Object)
    64:65:public void setXIndex(int)
    82:83:public void setVal(float)
    92:92:public java.lang.Object getData()
    101:102:public void setData(java.lang.Object)
    110:111:public com.github.mikephil.charting.data.Entry copy()
com.github.mikephil.charting.data.LineData
com.github.mikephil.charting.data.LineDataSet
com.github.mikephil.charting.data.LineRadarDataSet:
    private int mFillColor
    32:33:public LineRadarDataSet(java.util.List,java.lang.String)
    41:41:public int getFillColor()
    50:51:public void setFillColor(int)
    70:71:public void setFillAlpha(int)
    81:86:public void setLineWidth(float)
    105:106:public void setDrawFilled(boolean)